{"/home/thomas/Documents/Perso/emait/Appli-cartel/prisma/prismaClient.js": {"path":"/home/thomas/Documents/Perso/emait/Appli-cartel/prisma/prismaClient.js","statementMap":{"0":{"start":{"line":1,"column":25},"end":{"line":1,"column":50}},"1":{"start":{"line":3,"column":15},"end":{"line":3,"column":33}},"2":{"start":{"line":5,"column":0},"end":{"line":5,"column":23}}},"fnMap":{},"branchMap":{},"s":{"0":5,"1":5,"2":5},"f":{},"b":{},"_coverageSchema":"1a1c01bbd47fc00a2c39e90264f33305004495a9","hash":"4c1879986433b51ac42f8b93875e66bbe74e7596"}
,"/home/thomas/Documents/Perso/emait/Appli-cartel/prisma/models/event.js": {"path":"/home/thomas/Documents/Perso/emait/Appli-cartel/prisma/models/event.js","statementMap":{"0":{"start":{"line":1,"column":15},"end":{"line":1,"column":41}},"1":{"start":{"line":2,"column":14},"end":{"line":2,"column":29}},"2":{"start":{"line":5,"column":4},"end":{"line":12,"column":6}},"3":{"start":{"line":16,"column":4},"end":{"line":26,"column":6}},"4":{"start":{"line":30,"column":4},"end":{"line":34,"column":6}},"5":{"start":{"line":37,"column":4},"end":{"line":37,"column":33}},"6":{"start":{"line":41,"column":4},"end":{"line":45,"column":6}},"7":{"start":{"line":48,"column":0},"end":{"line":54,"column":1}}},"fnMap":{"0":{"name":"create","decl":{"start":{"line":4,"column":15},"end":{"line":4,"column":21}},"loc":{"start":{"line":4,"column":50},"end":{"line":13,"column":1}},"line":4},"1":{"name":"update","decl":{"start":{"line":15,"column":15},"end":{"line":15,"column":21}},"loc":{"start":{"line":15,"column":55},"end":{"line":27,"column":1}},"line":15},"2":{"name":"remove","decl":{"start":{"line":29,"column":15},"end":{"line":29,"column":21}},"loc":{"start":{"line":29,"column":26},"end":{"line":35,"column":1}},"line":29},"3":{"name":"findAll","decl":{"start":{"line":36,"column":15},"end":{"line":36,"column":22}},"loc":{"start":{"line":36,"column":25},"end":{"line":38,"column":1}},"line":36},"4":{"name":"findById","decl":{"start":{"line":40,"column":15},"end":{"line":40,"column":23}},"loc":{"start":{"line":40,"column":28},"end":{"line":46,"column":1}},"line":40}},"branchMap":{},"s":{"0":1,"1":1,"2":0,"3":0,"4":0,"5":0,"6":0,"7":1},"f":{"0":0,"1":0,"2":0,"3":0,"4":0},"b":{},"_coverageSchema":"1a1c01bbd47fc00a2c39e90264f33305004495a9","hash":"0e33e02fa9fe19ae33ab07cbc80ad265f513a303"}
,"/home/thomas/Documents/Perso/emait/Appli-cartel/prisma/models/place.js": {"path":"/home/thomas/Documents/Perso/emait/Appli-cartel/prisma/models/place.js","statementMap":{"0":{"start":{"line":1,"column":15},"end":{"line":1,"column":41}},"1":{"start":{"line":2,"column":14},"end":{"line":2,"column":29}},"2":{"start":{"line":5,"column":4},"end":{"line":12,"column":6}},"3":{"start":{"line":16,"column":4},"end":{"line":26,"column":6}},"4":{"start":{"line":30,"column":4},"end":{"line":34,"column":6}},"5":{"start":{"line":37,"column":4},"end":{"line":37,"column":33}},"6":{"start":{"line":41,"column":4},"end":{"line":45,"column":6}},"7":{"start":{"line":48,"column":0},"end":{"line":54,"column":1}}},"fnMap":{"0":{"name":"create","decl":{"start":{"line":4,"column":15},"end":{"line":4,"column":21}},"loc":{"start":{"line":4,"column":58},"end":{"line":13,"column":1}},"line":4},"1":{"name":"update","decl":{"start":{"line":15,"column":15},"end":{"line":15,"column":21}},"loc":{"start":{"line":15,"column":63},"end":{"line":27,"column":1}},"line":15},"2":{"name":"remove","decl":{"start":{"line":29,"column":15},"end":{"line":29,"column":21}},"loc":{"start":{"line":29,"column":26},"end":{"line":35,"column":1}},"line":29},"3":{"name":"findAll","decl":{"start":{"line":36,"column":15},"end":{"line":36,"column":22}},"loc":{"start":{"line":36,"column":25},"end":{"line":38,"column":1}},"line":36},"4":{"name":"findById","decl":{"start":{"line":40,"column":15},"end":{"line":40,"column":23}},"loc":{"start":{"line":40,"column":28},"end":{"line":46,"column":1}},"line":40}},"branchMap":{},"s":{"0":1,"1":1,"2":1,"3":1,"4":1,"5":0,"6":0,"7":1},"f":{"0":1,"1":1,"2":1,"3":0,"4":0},"b":{},"_coverageSchema":"1a1c01bbd47fc00a2c39e90264f33305004495a9","hash":"cab56398b1af77887df848c06a8f323f6fdfc5c7"}
,"/home/thomas/Documents/Perso/emait/Appli-cartel/prisma/models/school.js": {"path":"/home/thomas/Documents/Perso/emait/Appli-cartel/prisma/models/school.js","statementMap":{"0":{"start":{"line":1,"column":15},"end":{"line":1,"column":41}},"1":{"start":{"line":2,"column":15},"end":{"line":2,"column":31}},"2":{"start":{"line":5,"column":4},"end":{"line":10,"column":6}},"3":{"start":{"line":14,"column":4},"end":{"line":22,"column":6}},"4":{"start":{"line":26,"column":4},"end":{"line":30,"column":6}},"5":{"start":{"line":33,"column":4},"end":{"line":33,"column":34}},"6":{"start":{"line":37,"column":4},"end":{"line":41,"column":6}},"7":{"start":{"line":44,"column":0},"end":{"line":50,"column":1}}},"fnMap":{"0":{"name":"create","decl":{"start":{"line":4,"column":15},"end":{"line":4,"column":21}},"loc":{"start":{"line":4,"column":34},"end":{"line":11,"column":1}},"line":4},"1":{"name":"update","decl":{"start":{"line":13,"column":15},"end":{"line":13,"column":21}},"loc":{"start":{"line":13,"column":39},"end":{"line":23,"column":1}},"line":13},"2":{"name":"remove","decl":{"start":{"line":25,"column":15},"end":{"line":25,"column":21}},"loc":{"start":{"line":25,"column":26},"end":{"line":31,"column":1}},"line":25},"3":{"name":"findAll","decl":{"start":{"line":32,"column":15},"end":{"line":32,"column":22}},"loc":{"start":{"line":32,"column":25},"end":{"line":34,"column":1}},"line":32},"4":{"name":"findById","decl":{"start":{"line":36,"column":15},"end":{"line":36,"column":23}},"loc":{"start":{"line":36,"column":28},"end":{"line":42,"column":1}},"line":36}},"branchMap":{},"s":{"0":1,"1":1,"2":1,"3":1,"4":1,"5":0,"6":0,"7":1},"f":{"0":1,"1":1,"2":1,"3":0,"4":0},"b":{},"_coverageSchema":"1a1c01bbd47fc00a2c39e90264f33305004495a9","hash":"4777e479f2221abeb7bc231d26dcd6e1f4d2f381"}
,"/home/thomas/Documents/Perso/emait/Appli-cartel/prisma/models/score.js": {"path":"/home/thomas/Documents/Perso/emait/Appli-cartel/prisma/models/score.js","statementMap":{"0":{"start":{"line":1,"column":15},"end":{"line":1,"column":41}},"1":{"start":{"line":2,"column":14},"end":{"line":2,"column":29}},"2":{"start":{"line":5,"column":4},"end":{"line":10,"column":6}},"3":{"start":{"line":14,"column":4},"end":{"line":23,"column":6}},"4":{"start":{"line":27,"column":4},"end":{"line":31,"column":6}},"5":{"start":{"line":34,"column":4},"end":{"line":34,"column":33}},"6":{"start":{"line":38,"column":4},"end":{"line":42,"column":6}},"7":{"start":{"line":45,"column":0},"end":{"line":51,"column":1}}},"fnMap":{"0":{"name":"create","decl":{"start":{"line":4,"column":15},"end":{"line":4,"column":21}},"loc":{"start":{"line":4,"column":41},"end":{"line":11,"column":1}},"line":4},"1":{"name":"update","decl":{"start":{"line":13,"column":15},"end":{"line":13,"column":21}},"loc":{"start":{"line":13,"column":59},"end":{"line":24,"column":1}},"line":13},"2":{"name":"remove","decl":{"start":{"line":26,"column":15},"end":{"line":26,"column":21}},"loc":{"start":{"line":26,"column":26},"end":{"line":32,"column":1}},"line":26},"3":{"name":"findAll","decl":{"start":{"line":33,"column":15},"end":{"line":33,"column":22}},"loc":{"start":{"line":33,"column":25},"end":{"line":35,"column":1}},"line":33},"4":{"name":"findById","decl":{"start":{"line":37,"column":15},"end":{"line":37,"column":23}},"loc":{"start":{"line":37,"column":28},"end":{"line":43,"column":1}},"line":37}},"branchMap":{},"s":{"0":1,"1":1,"2":0,"3":0,"4":0,"5":0,"6":0,"7":1},"f":{"0":0,"1":0,"2":0,"3":0,"4":0},"b":{},"_coverageSchema":"1a1c01bbd47fc00a2c39e90264f33305004495a9","hash":"7c600e031612ee5a31ceb9253c02bf1789caac00"}
,"/home/thomas/Documents/Perso/emait/Appli-cartel/prisma/models/volunteer.js": {"path":"/home/thomas/Documents/Perso/emait/Appli-cartel/prisma/models/volunteer.js","statementMap":{"0":{"start":{"line":1,"column":15},"end":{"line":1,"column":41}},"1":{"start":{"line":2,"column":18},"end":{"line":2,"column":37}},"2":{"start":{"line":6,"column":4},"end":{"line":11,"column":6}},"3":{"start":{"line":15,"column":4},"end":{"line":22,"column":6}},"4":{"start":{"line":26,"column":4},"end":{"line":30,"column":6}},"5":{"start":{"line":33,"column":4},"end":{"line":33,"column":37}},"6":{"start":{"line":37,"column":4},"end":{"line":41,"column":6}},"7":{"start":{"line":44,"column":0},"end":{"line":50,"column":1}}},"fnMap":{"0":{"name":"create","decl":{"start":{"line":5,"column":15},"end":{"line":5,"column":21}},"loc":{"start":{"line":5,"column":39},"end":{"line":12,"column":1}},"line":5},"1":{"name":"update","decl":{"start":{"line":14,"column":15},"end":{"line":14,"column":21}},"loc":{"start":{"line":14,"column":37},"end":{"line":23,"column":1}},"line":14},"2":{"name":"remove","decl":{"start":{"line":25,"column":15},"end":{"line":25,"column":21}},"loc":{"start":{"line":25,"column":26},"end":{"line":31,"column":1}},"line":25},"3":{"name":"findAll","decl":{"start":{"line":32,"column":15},"end":{"line":32,"column":22}},"loc":{"start":{"line":32,"column":25},"end":{"line":34,"column":1}},"line":32},"4":{"name":"findById","decl":{"start":{"line":36,"column":15},"end":{"line":36,"column":23}},"loc":{"start":{"line":36,"column":28},"end":{"line":42,"column":1}},"line":36}},"branchMap":{},"s":{"0":1,"1":1,"2":1,"3":1,"4":1,"5":0,"6":0,"7":1},"f":{"0":1,"1":1,"2":1,"3":0,"4":0},"b":{},"_coverageSchema":"1a1c01bbd47fc00a2c39e90264f33305004495a9","hash":"686da8197e60f1688ae569a104c7164dfe64961a"}
}
