TN:
SF:prisma/prismaClient.js
FNF:0
FNH:0
DA:1,5
DA:3,5
DA:5,5
LF:3
LH:3
BRF:0
BRH:0
end_of_record
TN:
SF:prisma/models/event.js
FN:4,create
FN:15,update
FN:29,remove
FN:36,findAll
FN:40,findById
FNF:5
FNH:0
FNDA:0,create
FNDA:0,update
FNDA:0,remove
FNDA:0,findAll
FNDA:0,findById
DA:1,1
DA:2,1
DA:5,0
DA:16,0
DA:30,0
DA:37,0
DA:41,0
DA:48,1
LF:8
LH:3
BRF:0
BRH:0
end_of_record
TN:
SF:prisma/models/place.js
FN:4,create
FN:15,update
FN:29,remove
FN:36,findAll
FN:40,findById
FNF:5
FNH:3
FNDA:1,create
FNDA:1,update
FNDA:1,remove
FNDA:0,findAll
FNDA:0,findById
DA:1,1
DA:2,1
DA:5,1
DA:16,1
DA:30,1
DA:37,0
DA:41,0
DA:48,1
LF:8
LH:6
BRF:0
BRH:0
end_of_record
TN:
SF:prisma/models/school.js
FN:4,create
FN:13,update
FN:25,remove
FN:32,findAll
FN:36,findById
FNF:5
FNH:3
FNDA:1,create
FNDA:1,update
FNDA:1,remove
FNDA:0,findAll
FNDA:0,findById
DA:1,1
DA:2,1
DA:5,1
DA:14,1
DA:26,1
DA:33,0
DA:37,0
DA:44,1
LF:8
LH:6
BRF:0
BRH:0
end_of_record
TN:
SF:prisma/models/score.js
FN:4,create
FN:13,update
FN:26,remove
FN:33,findAll
FN:37,findById
FNF:5
FNH:0
FNDA:0,create
FNDA:0,update
FNDA:0,remove
FNDA:0,findAll
FNDA:0,findById
DA:1,1
DA:2,1
DA:5,0
DA:14,0
DA:27,0
DA:34,0
DA:38,0
DA:45,1
LF:8
LH:3
BRF:0
BRH:0
end_of_record
TN:
SF:prisma/models/volunteer.js
FN:5,create
FN:14,update
FN:25,remove
FN:32,findAll
FN:36,findById
FNF:5
FNH:3
FNDA:1,create
FNDA:1,update
FNDA:1,remove
FNDA:0,findAll
FNDA:0,findById
DA:1,1
DA:2,1
DA:6,1
DA:15,1
DA:26,1
DA:33,0
DA:37,0
DA:44,1
LF:8
LH:6
BRF:0
BRH:0
end_of_record
